<?xml version="1.0" encoding="UTF-8"?>
<!-- Generated by org.testng.reporters.JUnitReportReporter -->
<testsuite skipped="0" hostname="NIKHIL" name="com.training.sanity.tests.UNF055Test" tests="3" failures="0" timestamp="23 Oct 2020 10:27:08 GMT" time="32.726" errors="0">
  <testcase name="LoginAsAdmin" time="9.641" classname="com.training.sanity.tests.UNF055Test"/>
  <testcase name="addManufacturer" time="8.479" classname="com.training.sanity.tests.UNF055Test"/>
  <testcase name="addProduct" time="14.606" classname="com.training.sanity.tests.UNF055Test"/>
</testsuite> <!-- com.training.sanity.tests.UNF055Test -->
