<?xml version="1.0" encoding="UTF-8"?>
<!-- Generated by org.testng.reporters.JUnitReportReporter -->
<testsuite skipped="0" hostname="NIKHIL" name="com.training.sanity.tests.UNF057Test" tests="3" failures="0" timestamp="18 Oct 2020 14:20:07 GMT" time="21.281" errors="0">
  <testcase name="LoginAsAdmin" time="5.840" classname="com.training.sanity.tests.UNF057Test"/>
  <testcase name="editDataAndLinksOfProduct" time="8.700" classname="com.training.sanity.tests.UNF057Test"/>
  <testcase name="addDiscountToProduct" time="6.741" classname="com.training.sanity.tests.UNF057Test"/>
</testsuite> <!-- com.training.sanity.tests.UNF057Test -->
