<?xml version="1.0" encoding="UTF-8"?>
<!-- Generated by org.testng.reporters.JUnitReportReporter -->
<testsuite skipped="0" hostname="NIKHIL" name="com.training.sanity.tests.LoginTests" tests="2" failures="0" timestamp="18 Oct 2020 12:49:43 GMT" time="55.201" errors="0">
  <testcase name="validLoginTest" time="27.307" classname="com.training.sanity.tests.LoginTests"/>
  <testcase name="validLoginTest" time="27.894" classname="com.training.sanity.tests.LoginTests"/>
</testsuite> <!-- com.training.sanity.tests.LoginTests -->
