<?xml version="1.0" encoding="UTF-8"?>
<!-- Generated by org.testng.reporters.JUnitReportReporter -->
<testsuite skipped="0" hostname="NIKHIL" name="com.training.sanity.tests.UNF055Test" tests="3" failures="0" timestamp="18 Oct 2020 14:20:07 GMT" time="20.205" errors="0">
  <testcase name="LoginAsAdmin" time="5.542" classname="com.training.sanity.tests.UNF055Test"/>
  <testcase name="addManufacturer" time="5.293" classname="com.training.sanity.tests.UNF055Test"/>
  <testcase name="addProduct" time="9.370" classname="com.training.sanity.tests.UNF055Test"/>
</testsuite> <!-- com.training.sanity.tests.UNF055Test -->
