<?xml version="1.0" encoding="UTF-8"?>
<!-- Generated by org.testng.reporters.JUnitReportReporter -->
<testsuite skipped="0" hostname="NIKHIL" name="com.training.sanity.tests.UNF055" tests="1" failures="0" timestamp="18 Oct 2020 12:06:20 GMT" time="62.351" errors="0">
  <testcase name="validLoginTest" time="62.351" classname="com.training.sanity.tests.UNF055"/>
</testsuite> <!-- com.training.sanity.tests.UNF055 -->
